<?xml version="1.0" encoding="UTF-8"?>
<testsuite name="RestUploadControllerTest" time="0.244" tests="1" errors="0" skipped="0" failures="1">
  <properties>
[...]
</properties>
  <testcase name="testFileUpload" classname="RestUploadControllerTest" time="0.244">
    <failure message="Response status expected:&lt;201&gt; but was:&lt;404&gt;" type="java.lang.AssertionError"><![CDATA[java.lang.AssertionError: Response status expected:<201> but was:<404>
	at org.springframework.test.util.AssertionErrors.fail(AssertionErrors.java:54)
	at org.springframework.test.util.AssertionErrors.assertEquals(AssertionErrors.java:81)
	at org.springframework.test.web.servlet.result.StatusResultMatchers$2.match(StatusResultMatchers.java:68)
	at org.springframework.test.web.servlet.MockMvc$1.andExpect(MockMvc.java:171)
	at RestUploadControllerTest.testFileUpload(RestUploadControllerTest.java:37)
]]></failure>
    <system-out><![CDATA[21:31:50,850 |-INFO in ch.qos.logback.classic.LoggerContext[default] - Could NOT find resource [logback.groovy]
21:31:50,850 |-INFO in ch.qos.logback.classic.LoggerContext[default] - Could NOT find resource [logback-test.xml]
21:31:50,850 |-INFO in ch.qos.logback.classic.LoggerContext[default] - Found resource [logback.xml] at [file:/Users/Shyam/development/FINRA%20Spring%20Boot%20assesment/spring-boot%20RESTFul-FileUpload/target/classes/logback.xml]
21:31:50,933 |-INFO in ch.qos.logback.classic.joran.action.ConfigurationAction - debug attribute not set
21:31:50,937 |-INFO in ch.qos.logback.core.joran.action.AppenderAction - About to instantiate appender of type [ch.qos.logback.core.ConsoleAppender]
21:31:50,948 |-INFO in ch.qos.logback.core.joran.action.AppenderAction - Naming appender as [STDOUT]
21:31:51,016 |-WARN in ch.qos.logback.core.ConsoleAppender[STDOUT] - This appender no longer admits a layout as a sub-component, set an encoder instead.
21:31:51,016 |-WARN in ch.qos.logback.core.ConsoleAppender[STDOUT] - To ensure compatibility, wrapping your layout in LayoutWrappingEncoder.
21:31:51,016 |-WARN in ch.qos.logback.core.ConsoleAppender[STDOUT] - See also http://logback.qos.ch/codes.html#layoutInsteadOfEncoder for details
21:31:51,018 |-INFO in ch.qos.logback.classic.joran.action.LoggerAction - Setting level of logger [org.springframework.web] to ERROR
21:31:51,018 |-INFO in ch.qos.logback.classic.joran.action.LoggerAction - Setting additivity of logger [org.springframework.web] to false
21:31:51,018 |-INFO in ch.qos.logback.core.joran.action.AppenderRefAction - Attaching appender named [STDOUT] to Logger[org.springframework.web]
21:31:51,018 |-INFO in ch.qos.logback.classic.joran.action.LoggerAction - Setting level of logger [io.myprojects] to DEBUG
21:31:51,018 |-INFO in ch.qos.logback.classic.joran.action.LoggerAction - Setting additivity of logger [io.myprojects] to false
21:31:51,018 |-INFO in ch.qos.logback.core.joran.action.AppenderRefAction - Attaching appender named [STDOUT] to Logger[io.myprojects]
21:31:51,018 |-INFO in ch.qos.logback.classic.joran.action.RootLoggerAction - Setting level of ROOT logger to ERROR
21:31:51,018 |-INFO in ch.qos.logback.core.joran.action.AppenderRefAction - Attaching appender named [STDOUT] to Logger[ROOT]
21:31:51,018 |-INFO in ch.qos.logback.classic.joran.action.ConfigurationAction - End of configuration.
21:31:51,020 |-INFO in ch.qos.logback.classic.joran.JoranConfigurator@46d56d67 - Registering current configuration as safe fallback point

]]></system-out>
  </testcase>
</testsuite>